<?xml version="1.0" encoding="UTF-8" ?>
<testsuite tests="3" failures="0" name="com.atguigu.mybatis.DynamicSQLTest" time="9.148" errors="2" skipped="0">
  <properties>
[...]
</properties>
  <testcase classname="com.atguigu.mybatis.DynamicSQLTest" name="InsertBatchEmpsTest" time="8.982">
    <error message="
### Error updating database.  Cause: java.sql.SQLIntegrityConstraintViolationException: Duplicate entry &apos;小明0&apos; for key &apos;emp.emp_emp_name_uindex&apos;
### The error may exist in com/atguigu/mybatis/mapper/DynamicSQLMapper.xml
### The error may involve defaultParameterMap
### The error occurred while setting parameters
### SQL: insert into emp values                        (null,?,?,?,null)          ,              (null,?,?,?,null)          ,              (null,?,?,?,null)          ,              (null,?,?,?,null)          ,              (null,?,?,?,null)
### Cause: java.sql.SQLIntegrityConstraintViolationException: Duplicate entry &apos;小明0&apos; for key &apos;emp.emp_emp_name_uindex&apos;" type="org.apache.ibatis.exceptions.PersistenceException">org.apache.ibatis.exceptions.PersistenceException: 
### Error updating database.  Cause: java.sql.SQLIntegrityConstraintViolationException: Duplicate entry &apos;小明0&apos; for key &apos;emp.emp_emp_name_uindex&apos;
### The error may exist in com/atguigu/mybatis/mapper/DynamicSQLMapper.xml
### The error may involve defaultParameterMap
### The error occurred while setting parameters
### SQL: insert into emp values                        (null,?,?,?,null)          ,              (null,?,?,?,null)          ,              (null,?,?,?,null)          ,              (null,?,?,?,null)          ,              (null,?,?,?,null)
### Cause: java.sql.SQLIntegrityConstraintViolationException: Duplicate entry &apos;小明0&apos; for key &apos;emp.emp_emp_name_uindex&apos;
	at org.apache.ibatis.exceptions.ExceptionFactory.wrapException(ExceptionFactory.java:30)
	at org.apache.ibatis.session.defaults.DefaultSqlSession.update(DefaultSqlSession.java:196)
	at org.apache.ibatis.session.defaults.DefaultSqlSession.insert(DefaultSqlSession.java:181)
	at org.apache.ibatis.binding.MapperMethod.execute(MapperMethod.java:62)
	at org.apache.ibatis.binding.MapperProxy$PlainMethodInvoker.invoke(MapperProxy.java:145)
	at org.apache.ibatis.binding.MapperProxy.invoke(MapperProxy.java:86)
	at com.sun.proxy.$Proxy6.insertBatchEmps(Unknown Source)
	at com.atguigu.mybatis.DynamicSQLTest.InsertBatchEmpsTest(DynamicSQLTest.java:31)
	at sun.reflect.NativeMethodAccessorImpl.invoke0(Native Method)
	at sun.reflect.NativeMethodAccessorImpl.invoke(NativeMethodAccessorImpl.java:62)
	at sun.reflect.DelegatingMethodAccessorImpl.invoke(DelegatingMethodAccessorImpl.java:43)
	at java.lang.reflect.Method.invoke(Method.java:498)
	at org.junit.runners.model.FrameworkMethod$1.runReflectiveCall(FrameworkMethod.java:50)
	at org.junit.internal.runners.model.ReflectiveCallable.run(ReflectiveCallable.java:12)
	at org.junit.runners.model.FrameworkMethod.invokeExplosively(FrameworkMethod.java:47)
	at org.junit.internal.runners.statements.InvokeMethod.evaluate(InvokeMethod.java:17)
	at org.junit.runners.ParentRunner.runLeaf(ParentRunner.java:325)
	at org.junit.runners.BlockJUnit4ClassRunner.runChild(BlockJUnit4ClassRunner.java:78)
	at org.junit.runners.BlockJUnit4ClassRunner.runChild(BlockJUnit4ClassRunner.java:57)
	at org.junit.runners.ParentRunner$3.run(ParentRunner.java:290)
	at org.junit.runners.ParentRunner$1.schedule(ParentRunner.java:71)
	at org.junit.runners.ParentRunner.runChildren(ParentRunner.java:288)
	at org.junit.runners.ParentRunner.access$000(ParentRunner.java:58)
	at org.junit.runners.ParentRunner$2.evaluate(ParentRunner.java:268)
	at org.junit.runners.ParentRunner.run(ParentRunner.java:363)
	at org.apache.maven.surefire.junit4.JUnit4Provider.execute(JUnit4Provider.java:252)
	at org.apache.maven.surefire.junit4.JUnit4Provider.executeTestSet(JUnit4Provider.java:141)
	at org.apache.maven.surefire.junit4.JUnit4Provider.invoke(JUnit4Provider.java:112)
	at sun.reflect.NativeMethodAccessorImpl.invoke0(Native Method)
	at sun.reflect.NativeMethodAccessorImpl.invoke(NativeMethodAccessorImpl.java:62)
	at sun.reflect.DelegatingMethodAccessorImpl.invoke(DelegatingMethodAccessorImpl.java:43)
	at java.lang.reflect.Method.invoke(Method.java:498)
	at org.apache.maven.surefire.util.ReflectionUtils.invokeMethodWithArray(ReflectionUtils.java:189)
	at org.apache.maven.surefire.booter.ProviderFactory$ProviderProxy.invoke(ProviderFactory.java:165)
	at org.apache.maven.surefire.booter.ProviderFactory.invokeProvider(ProviderFactory.java:85)
	at org.apache.maven.surefire.booter.ForkedBooter.runSuitesInProcess(ForkedBooter.java:115)
	at org.apache.maven.surefire.booter.ForkedBooter.main(ForkedBooter.java:75)
Caused by: java.sql.SQLIntegrityConstraintViolationException: Duplicate entry &apos;小明0&apos; for key &apos;emp.emp_emp_name_uindex&apos;
	at com.mysql.cj.jdbc.exceptions.SQLError.createSQLException(SQLError.java:117)
	at com.mysql.cj.jdbc.exceptions.SQLError.createSQLException(SQLError.java:97)
	at com.mysql.cj.jdbc.exceptions.SQLExceptionsMapping.translateException(SQLExceptionsMapping.java:122)
	at com.mysql.cj.jdbc.ClientPreparedStatement.executeInternal(ClientPreparedStatement.java:955)
	at com.mysql.cj.jdbc.ClientPreparedStatement.execute(ClientPreparedStatement.java:372)
	at sun.reflect.NativeMethodAccessorImpl.invoke0(Native Method)
	at sun.reflect.NativeMethodAccessorImpl.invoke(NativeMethodAccessorImpl.java:62)
	at sun.reflect.DelegatingMethodAccessorImpl.invoke(DelegatingMethodAccessorImpl.java:43)
	at java.lang.reflect.Method.invoke(Method.java:498)
	at org.apache.ibatis.logging.jdbc.PreparedStatementLogger.invoke(PreparedStatementLogger.java:59)
	at com.sun.proxy.$Proxy9.execute(Unknown Source)
	at org.apache.ibatis.executor.statement.PreparedStatementHandler.update(PreparedStatementHandler.java:47)
	at org.apache.ibatis.executor.statement.RoutingStatementHandler.update(RoutingStatementHandler.java:74)
	at org.apache.ibatis.executor.SimpleExecutor.doUpdate(SimpleExecutor.java:50)
	at org.apache.ibatis.executor.BaseExecutor.update(BaseExecutor.java:117)
	at org.apache.ibatis.executor.CachingExecutor.update(CachingExecutor.java:76)
	at org.apache.ibatis.session.defaults.DefaultSqlSession.update(DefaultSqlSession.java:194)
	... 35 more
</error>
    <system-out>DEBUG 07-20 16:07:03,243 ==&gt;  Preparing: insert into emp values (null,?,?,?,null) , (null,?,?,?,null) , (null,?,?,?,null) , (null,?,?,?,null) , (null,?,?,?,null) (BaseJdbcLogger.java:137) 
DEBUG 07-20 16:07:03,351 ==&gt; Parameters: 小明0(String), 22(Integer), 女(String), 小明1(String), 23(Integer), 女(String), 小明2(String), 24(Integer), 女(String), 小明3(String), 25(Integer), 女(String), 小明4(String), 26(Integer), 女(String) (BaseJdbcLogger.java:137) 
</system-out>
    <system-err>log4j:WARN Continuable parsing error 14 and column 21
log4j:WARN Ԫ������Ϊ &quot;layout&quot; �����ݱ���ƥ�� &quot;(param)*&quot;��
log4j:WARN Continuable parsing error 16 and column 19
log4j:WARN Ԫ������Ϊ &quot;appender&quot; �����ݱ���ƥ�� &quot;(errorHandler?,param*,rollingPolicy?,triggeringPolicy?,connectionSource?,layout?,filter*,appender-ref*)&quot;��
log4j:WARN Continuable parsing error 22 and column 17
log4j:WARN Ԫ������Ϊ &quot;logger&quot; �����ݱ���ƥ�� &quot;(param*,level?,appender-ref*)&quot;��
log4j:WARN Continuable parsing error 26 and column 17
log4j:WARN Ԫ������Ϊ &quot;logger&quot; �����ݱ���ƥ�� &quot;(param*,level?,appender-ref*)&quot;��
log4j:WARN Continuable parsing error 30 and column 15
log4j:WARN Ԫ������Ϊ &quot;root&quot; �����ݱ���ƥ�� &quot;(param*,(priority|level)?,appender-ref*)&quot;��
log4j:WARN Continuable parsing error 31 and column 23
log4j:WARN Ԫ������Ϊ &quot;log4j:configuration&quot; �����ݱ���ƥ�� &quot;(renderer*,throwableRenderer?,appender*,plugin*,(category|logger)*,root?,(categoryFactory|loggerFactory)?)&quot;��
</system-err>
  </testcase>
  <testcase classname="com.atguigu.mybatis.DynamicSQLTest" name="DeleteBatchEmpsTest" time="0.065"/>
  <testcase classname="com.atguigu.mybatis.DynamicSQLTest" name="dynamicSQLTest" time="0.101">
    <error message="
### Error querying database.  Cause: java.sql.SQLSyntaxErrorException: Unknown column &apos;dept_id&apos; in &apos;field list&apos;
### The error may exist in com/atguigu/mybatis/mapper/DynamicSQLMapper.xml
### The error may involve defaultParameterMap
### The error occurred while setting parameters
### SQL: select           emp_id,emp_name,age,gender,dept_id       from emp          where age=?
### Cause: java.sql.SQLSyntaxErrorException: Unknown column &apos;dept_id&apos; in &apos;field list&apos;" type="org.apache.ibatis.exceptions.PersistenceException">org.apache.ibatis.exceptions.PersistenceException: 
### Error querying database.  Cause: java.sql.SQLSyntaxErrorException: Unknown column &apos;dept_id&apos; in &apos;field list&apos;
### The error may exist in com/atguigu/mybatis/mapper/DynamicSQLMapper.xml
### The error may involve defaultParameterMap
### The error occurred while setting parameters
### SQL: select           emp_id,emp_name,age,gender,dept_id       from emp          where age=?
### Cause: java.sql.SQLSyntaxErrorException: Unknown column &apos;dept_id&apos; in &apos;field list&apos;
	at org.apache.ibatis.exceptions.ExceptionFactory.wrapException(ExceptionFactory.java:30)
	at org.apache.ibatis.session.defaults.DefaultSqlSession.selectList(DefaultSqlSession.java:153)
	at org.apache.ibatis.session.defaults.DefaultSqlSession.selectList(DefaultSqlSession.java:145)
	at org.apache.ibatis.session.defaults.DefaultSqlSession.selectList(DefaultSqlSession.java:140)
	at org.apache.ibatis.binding.MapperMethod.executeForMany(MapperMethod.java:147)
	at org.apache.ibatis.binding.MapperMethod.execute(MapperMethod.java:80)
	at org.apache.ibatis.binding.MapperProxy$PlainMethodInvoker.invoke(MapperProxy.java:145)
	at org.apache.ibatis.binding.MapperProxy.invoke(MapperProxy.java:86)
	at com.sun.proxy.$Proxy6.getEmpCondition(Unknown Source)
	at com.atguigu.mybatis.DynamicSQLTest.dynamicSQLTest(DynamicSQLTest.java:18)
	at sun.reflect.NativeMethodAccessorImpl.invoke0(Native Method)
	at sun.reflect.NativeMethodAccessorImpl.invoke(NativeMethodAccessorImpl.java:62)
	at sun.reflect.DelegatingMethodAccessorImpl.invoke(DelegatingMethodAccessorImpl.java:43)
	at java.lang.reflect.Method.invoke(Method.java:498)
	at org.junit.runners.model.FrameworkMethod$1.runReflectiveCall(FrameworkMethod.java:50)
	at org.junit.internal.runners.model.ReflectiveCallable.run(ReflectiveCallable.java:12)
	at org.junit.runners.model.FrameworkMethod.invokeExplosively(FrameworkMethod.java:47)
	at org.junit.internal.runners.statements.InvokeMethod.evaluate(InvokeMethod.java:17)
	at org.junit.runners.ParentRunner.runLeaf(ParentRunner.java:325)
	at org.junit.runners.BlockJUnit4ClassRunner.runChild(BlockJUnit4ClassRunner.java:78)
	at org.junit.runners.BlockJUnit4ClassRunner.runChild(BlockJUnit4ClassRunner.java:57)
	at org.junit.runners.ParentRunner$3.run(ParentRunner.java:290)
	at org.junit.runners.ParentRunner$1.schedule(ParentRunner.java:71)
	at org.junit.runners.ParentRunner.runChildren(ParentRunner.java:288)
	at org.junit.runners.ParentRunner.access$000(ParentRunner.java:58)
	at org.junit.runners.ParentRunner$2.evaluate(ParentRunner.java:268)
	at org.junit.runners.ParentRunner.run(ParentRunner.java:363)
	at org.apache.maven.surefire.junit4.JUnit4Provider.execute(JUnit4Provider.java:252)
	at org.apache.maven.surefire.junit4.JUnit4Provider.executeTestSet(JUnit4Provider.java:141)
	at org.apache.maven.surefire.junit4.JUnit4Provider.invoke(JUnit4Provider.java:112)
	at sun.reflect.NativeMethodAccessorImpl.invoke0(Native Method)
	at sun.reflect.NativeMethodAccessorImpl.invoke(NativeMethodAccessorImpl.java:62)
	at sun.reflect.DelegatingMethodAccessorImpl.invoke(DelegatingMethodAccessorImpl.java:43)
	at java.lang.reflect.Method.invoke(Method.java:498)
	at org.apache.maven.surefire.util.ReflectionUtils.invokeMethodWithArray(ReflectionUtils.java:189)
	at org.apache.maven.surefire.booter.ProviderFactory$ProviderProxy.invoke(ProviderFactory.java:165)
	at org.apache.maven.surefire.booter.ProviderFactory.invokeProvider(ProviderFactory.java:85)
	at org.apache.maven.surefire.booter.ForkedBooter.runSuitesInProcess(ForkedBooter.java:115)
	at org.apache.maven.surefire.booter.ForkedBooter.main(ForkedBooter.java:75)
Caused by: java.sql.SQLSyntaxErrorException: Unknown column &apos;dept_id&apos; in &apos;field list&apos;
	at com.mysql.cj.jdbc.exceptions.SQLError.createSQLException(SQLError.java:120)
	at com.mysql.cj.jdbc.exceptions.SQLError.createSQLException(SQLError.java:97)
	at com.mysql.cj.jdbc.exceptions.SQLExceptionsMapping.translateException(SQLExceptionsMapping.java:122)
	at com.mysql.cj.jdbc.ClientPreparedStatement.executeInternal(ClientPreparedStatement.java:955)
	at com.mysql.cj.jdbc.ClientPreparedStatement.execute(ClientPreparedStatement.java:372)
	at sun.reflect.NativeMethodAccessorImpl.invoke0(Native Method)
	at sun.reflect.NativeMethodAccessorImpl.invoke(NativeMethodAccessorImpl.java:62)
	at sun.reflect.DelegatingMethodAccessorImpl.invoke(DelegatingMethodAccessorImpl.java:43)
	at java.lang.reflect.Method.invoke(Method.java:498)
	at org.apache.ibatis.logging.jdbc.PreparedStatementLogger.invoke(PreparedStatementLogger.java:59)
	at com.sun.proxy.$Proxy9.execute(Unknown Source)
	at org.apache.ibatis.executor.statement.PreparedStatementHandler.query(PreparedStatementHandler.java:64)
	at org.apache.ibatis.executor.statement.RoutingStatementHandler.query(RoutingStatementHandler.java:79)
	at org.apache.ibatis.executor.SimpleExecutor.doQuery(SimpleExecutor.java:63)
	at org.apache.ibatis.executor.BaseExecutor.queryFromDatabase(BaseExecutor.java:325)
	at org.apache.ibatis.executor.BaseExecutor.query(BaseExecutor.java:156)
	at org.apache.ibatis.executor.CachingExecutor.query(CachingExecutor.java:109)
	at org.apache.ibatis.executor.CachingExecutor.query(CachingExecutor.java:89)
	at org.apache.ibatis.session.defaults.DefaultSqlSession.selectList(DefaultSqlSession.java:151)
	... 37 more
</error>
    <system-out>DEBUG 07-20 16:07:04,392 ==&gt;  Preparing: select emp_id,emp_name,age,gender,dept_id from emp where age=? (BaseJdbcLogger.java:137) 
DEBUG 07-20 16:07:04,393 ==&gt; Parameters: 22(Integer) (BaseJdbcLogger.java:137) 
</system-out>
  </testcase>
</testsuite>